<?xml version="1.0" encoding="UTF-8"?>
<!-- Generated by org.testng.reporters.JUnitReportReporter -->
<testsuite hostname="ADMIN" name="com.Inetbanking.testCases.TC_LoginTest_001" tests="1" failures="0" timestamp="7 Apr 2020 09:37:39 GMT" time="4.089" errors="0">
  <testcase name="loginTest" time="4.089" classname="com.Inetbanking.testCases.TC_LoginTest_001"/>
</testsuite> <!-- com.Inetbanking.testCases.TC_LoginTest_001 -->
